<?xml version="1.0" encoding="UTF-8"?>
<!-- Generated by org.testng.reporters.JUnitReportReporter -->
<testsuite hostname="DESKTOP-M9G8GLA" failures="0" tests="7" name="org.crm.vtiger.evs.beta.tsLayer.TestCases" time="163.436" errors="0" timestamp="2022-09-09T13:36:27 IST" skipped="0">
  <testcase classname="org.crm.vtiger.evs.beta.tsLayer.TestCases" name="tsAccount" time="22.244"/>
  <system-out/>
  <testcase classname="org.crm.vtiger.evs.beta.tsLayer.TestCases" name="tsHomePageAboutUs" time="11.298"/>
  <system-out/>
  <testcase classname="org.crm.vtiger.evs.beta.tsLayer.TestCases" name="tsAccount" time="22.005"/>
  <system-out/>
  <testcase classname="org.crm.vtiger.evs.beta.tsLayer.TestCases" name="tsHomePageAboutUs" time="17.559"/>
  <system-out/>
  <testcase classname="org.crm.vtiger.evs.beta.tsLayer.TestCases" name="tsMarketingCampaignCreation" time="22.074"/>
  <system-out/>
  <testcase classname="org.crm.vtiger.evs.beta.tsLayer.TestCases" name="tsInvoiceCreation" time="40.689"/>
  <system-out/>
  <testcase classname="org.crm.vtiger.evs.beta.tsLayer.TestCases" name="tsInvoiceCreation" time="27.567"/>
  <system-out/>
</testsuite> <!-- org.crm.vtiger.evs.beta.tsLayer.TestCases -->
