<?xml version="1.0" encoding="UTF-8"?>
<!-- Generated by org.testng.reporters.JUnitReportReporter -->
<testsuite hostname="DESKTOP-M9G8GLA" failures="0" tests="7" name="org.crm.vtiger.evs.beta.tsLayer.TestCases" time="155.927" errors="0" timestamp="2022-08-24T12:09:22 IST" skipped="0">
  <testcase classname="org.crm.vtiger.evs.beta.tsLayer.TestCases" name="tsInvoiceCreation" time="26.491"/>
  <system-out/>
  <testcase classname="org.crm.vtiger.evs.beta.tsLayer.TestCases" name="tsInvoiceCreation" time="36.474"/>
  <system-out/>
  <testcase classname="org.crm.vtiger.evs.beta.tsLayer.TestCases" name="tsMarketingCampaignCreation" time="24.845"/>
  <system-out/>
  <testcase classname="org.crm.vtiger.evs.beta.tsLayer.TestCases" name="tsMarketingCampaignCreation" time="19.754"/>
  <system-out/>
  <testcase classname="org.crm.vtiger.evs.beta.tsLayer.TestCases" name="tsHomePageAboutUs" time="14.856"/>
  <system-out/>
  <testcase classname="org.crm.vtiger.evs.beta.tsLayer.TestCases" name="tsAccount" time="15.492"/>
  <system-out/>
  <testcase classname="org.crm.vtiger.evs.beta.tsLayer.TestCases" name="tsAccount" time="18.015"/>
  <system-out/>
</testsuite> <!-- org.crm.vtiger.evs.beta.tsLayer.TestCases -->
