<?xml version="1.0" encoding="UTF-8"?>
<!-- Generated by org.testng.reporters.JUnitReportReporter -->
<testsuite hostname="DESKTOP-M9G8GLA" failures="0" tests="4" name="org.crm.vtiger.evs.beta.tsLayer.TestCases" time="39.217" errors="0" timestamp="2022-10-10T09:23:43 IST" skipped="3">
  <testcase classname="org.crm.vtiger.evs.beta.tsLayer.TestCases" name="tsInvoiceCreation" time="39.217"/>
  <system-out/>
  <testcase classname="org.crm.vtiger.evs.beta.tsLayer.TestCases" name="tsHomePageAboutUs">
    <skipped/>
  </testcase> <!-- tsHomePageAboutUs -->
  <system-out/>
  <testcase classname="org.crm.vtiger.evs.beta.tsLayer.TestCases" name="tsMarketingCampaignCreation">
    <skipped/>
  </testcase> <!-- tsMarketingCampaignCreation -->
  <system-out/>
  <testcase classname="org.crm.vtiger.evs.beta.tsLayer.TestCases" name="tsAccount">
    <skipped/>
  </testcase> <!-- tsAccount -->
  <system-out/>
</testsuite> <!-- org.crm.vtiger.evs.beta.tsLayer.TestCases -->
